<?xml version="1.0" encoding="UTF-8"?>
<!-- Generated by org.testng.reporters.JUnitReportReporter -->
<testsuite hostname="DESKTOP-PF1P3TA" failures="0" tests="4" name="api.test.DataDrivenTest" time="7.769" errors="0" timestamp="2025-07-29T16:13:47 IST" skipped="0">
  <testcase classname="api.test.DataDrivenTest" name="testCreateAndDeleteUser" time="2.668"/>
  <testcase classname="api.test.DataDrivenTest" name="testCreateAndDeleteUser" time="2.505"/>
  <testcase classname="api.test.DataDrivenTest" name="testDeleteUserByName" time="1.274"/>
  <testcase classname="api.test.DataDrivenTest" name="testDeleteUserByName" time="1.322"/>
</testsuite> <!-- api.test.DataDrivenTest -->
