<?xml version="1.0" encoding="UTF-8"?>
<!-- Generated by org.testng.reporters.JUnitReportReporter -->
<testsuite hostname="DESKTOP-PF1P3TA" failures="0" tests="1" name="api.test.Chaining_createUser" time="9.921" errors="0" timestamp="2025-07-25T17:48:13 IST" skipped="0">
  <testcase classname="api.test.Chaining_createUser" name="CreateUser" time="9.921"/>
</testsuite> <!-- api.test.Chaining_createUser -->
