<?xml version="1.0" encoding="UTF-8"?>
<!-- Generated by org.testng.reporters.JUnitReportReporter -->
<testsuite hostname="DESKTOP-PF1P3TA" failures="0" tests="1" name="api.test.RequestSpecBuilderResponseSpecBuilderTest" time="0.774" errors="0" timestamp="2025-07-24T05:52:28 IST" skipped="0">
  <testcase classname="api.test.RequestSpecBuilderResponseSpecBuilderTest" name="createUser" time="0.774"/>
</testsuite> <!-- api.test.RequestSpecBuilderResponseSpecBuilderTest -->
