<?xml version="1.0" encoding="UTF-8"?>
<!-- Generated by org.testng.reporters.JUnitReportReporter -->
<testsuite hostname="DESKTOP-PF1P3TA" failures="0" tests="1" name="api.test.NewTest" time="0.019" errors="0" timestamp="2025-07-29T00:23:46 IST" skipped="0">
  <testcase classname="api.test.NewTest" name="f" time="0.019"/>
</testsuite> <!-- api.test.NewTest -->
