<?xml version="1.0" encoding="UTF-8"?>
<!-- Generated by org.testng.reporters.JUnitReportReporter -->
<testsuite hostname="DESKTOP-PF1P3TA" failures="0" tests="4" name="api.test.JsonPathTests" time="0.890" errors="0" timestamp="2025-07-29T16:13:47 IST" skipped="0">
  <testcase classname="api.test.JsonPathTests" name="testJsonPathApproach1" time="0.285"/>
  <testcase classname="api.test.JsonPathTests" name="testJsonPathApproach2" time="0.252"/>
  <testcase classname="api.test.JsonPathTests" name="testAllFirstNames" time="0.203"/>
  <testcase classname="api.test.JsonPathTests" name="testFirstNameExists" time="0.150"/>
</testsuite> <!-- api.test.JsonPathTests -->
