<?xml version="1.0" encoding="UTF-8"?>
<!-- Generated by org.testng.reporters.JUnitReportReporter -->
<testsuite hostname="DESKTOP-PF1P3TA" failures="0" tests="6" name="api.test.AuthTests" time="10.612" errors="0" timestamp="2025-07-24T15:14:38 IST" skipped="0">
  <testcase classname="api.test.AuthTests" name="testBasicAuth" time="4.705"/>
  <testcase classname="api.test.AuthTests" name="testDigestAuth" time="1.392"/>
  <testcase classname="api.test.AuthTests" name="testPreemptiveBasicAuth" time="1.560"/>
  <testcase classname="api.test.AuthTests" name="testBearerToken" time="0.546"/>
  <testcase classname="api.test.AuthTests" name="testOAuth2" time="0.526"/>
  <testcase classname="api.test.AuthTests" name="testApiKey" time="1.883"/>
</testsuite> <!-- api.test.AuthTests -->
