<?xml version="1.0" encoding="UTF-8"?>
<!-- Generated by org.testng.reporters.JUnitReportReporter -->
<testsuite hostname="DESKTOP-PF1P3TA" failures="0" tests="6" name="api.test.AuthenticationTests" time="5.619" errors="0" timestamp="2025-07-29T16:13:47 IST" skipped="0">
  <testcase classname="api.test.AuthenticationTests" name="testBasicAuthentication" time="1.960"/>
  <testcase classname="api.test.AuthenticationTests" name="testDigestAuthentication" time="1.457"/>
  <testcase classname="api.test.AuthenticationTests" name="testPreemptiveBasicAuthentication" time="1.178"/>
  <testcase classname="api.test.AuthenticationTests" name="testBearerTokenAuthentication" time="0.484"/>
  <testcase classname="api.test.AuthenticationTests" name="testOAuth2Authentication" time="0.416"/>
  <testcase classname="api.test.AuthenticationTests" name="testAPIKeyAuthentication" time="0.124"/>
</testsuite> <!-- api.test.AuthenticationTests -->
