<?xml version="1.0" encoding="UTF-8"?>
<!-- Generated by org.testng.reporters.JUnitReportReporter -->
<testsuite hostname="DESKTOP-PF1P3TA" failures="0" tests="1" name="api.test.Chaining_deleteUser" time="1.295" errors="0" timestamp="2025-07-25T17:48:13 IST" skipped="0">
  <testcase classname="api.test.Chaining_deleteUser" name="deleteUser" time="1.295"/>
</testsuite> <!-- api.test.Chaining_deleteUser -->
