<?xml version="1.0" encoding="UTF-8"?>
<!-- Generated by org.testng.reporters.JUnitReportReporter -->
<testsuite hostname="DESKTOP-PF1P3TA" failures="0" tests="2" name="api.test.SerilizationDeserlizationTest" time="1.736" errors="0" timestamp="2025-07-24T05:52:28 IST" skipped="0">
  <testcase classname="api.test.SerilizationDeserlizationTest" name="convertPOJOtoJson" time="1.532"/>
  <testcase classname="api.test.SerilizationDeserlizationTest" name="convertJsonToPOJO" time="0.204"/>
</testsuite> <!-- api.test.SerilizationDeserlizationTest -->
