<?xml version="1.0" encoding="UTF-8"?>
<!-- Generated by org.testng.reporters.JUnitReportReporter -->
<testsuite hostname="DESKTOP-PF1P3TA" failures="0" tests="1" name="api.test.UserChainingTest" time="4.813" errors="0" timestamp="2025-07-29T16:13:47 IST" skipped="0">
  <testcase classname="api.test.UserChainingTest" name="createUserTest" time="4.813"/>
</testsuite> <!-- api.test.UserChainingTest -->
