<?xml version="1.0" encoding="UTF-8"?>
<!-- Generated by org.testng.reporters.JUnitReportReporter -->
<testsuite hostname="DESKTOP-PF1P3TA" failures="0" tests="1" name="api.test.SchemaValidationTest" time="0.532" errors="0" timestamp="2025-07-29T16:13:47 IST" skipped="0">
  <testcase classname="api.test.SchemaValidationTest" name="testJsonSchemaValidation" time="0.532"/>
</testsuite> <!-- api.test.SchemaValidationTest -->
